SF:lib\domain\usecases\get_movie_detail.dart
DA:9,1
DA:11,1
DA:12,2
LF:3
LH:3
end_of_record
SF:lib\domain\usecases\get_movie_recommendations.dart
DA:9,1
DA:11,1
DA:12,2
LF:3
LH:3
end_of_record
SF:lib\domain\usecases\get_now_playing_movies.dart
DA:9,1
DA:11,1
DA:12,2
LF:3
LH:3
end_of_record
SF:lib\domain\usecases\get_popular_movies.dart
DA:9,1
DA:11,1
DA:12,2
LF:3
LH:3
end_of_record
SF:lib\domain\usecases\get_top_rated_movies.dart
DA:9,1
DA:11,1
DA:12,2
LF:3
LH:3
end_of_record
SF:lib\presentation\bloc\popular_movies_bloc\popular_movies_event.dart
DA:4,0
DA:5,0
LF:2
LH:0
end_of_record
SF:lib\presentation\bloc\popular_movies_bloc\popular_movies_state.dart
DA:4,1
DA:5,1
DA:15,2
DA:16,1
DA:17,2
DA:23,2
DA:24,1
DA:25,2
LF:8
LH:8
end_of_record
SF:lib\presentation\bloc\popular_movies_bloc\popular_movies_bloc.dart
DA:12,3
DA:13,2
DA:14,2
DA:15,3
DA:16,1
DA:17,4
DA:18,3
LF:7
LH:7
end_of_record
SF:lib\presentation\bloc\movie_detail_bloc\movie_detail_state.dart
DA:28,2
DA:33,1
LF:2
LH:2
end_of_record
SF:lib\presentation\bloc\movie_detail_bloc\movie_detail_bloc.dart
DA:25,1
DA:31,2
DA:32,2
DA:33,2
DA:34,1
DA:35,4
DA:37,4
DA:39,4
DA:40,2
DA:41,5
DA:42,1
DA:43,1
DA:44,4
DA:50,1
DA:51,1
DA:52,4
DA:53,1
DA:57,1
DA:58,4
DA:68,1
DA:69,4
DA:70,1
DA:71,1
DA:72,5
DA:74,1
DA:75,4
DA:78,4
DA:80,1
DA:81,4
DA:83,1
DA:84,1
DA:85,5
DA:87,1
DA:88,4
DA:92,4
DA:94,1
DA:95,4
DA:96,4
LF:38
LH:38
end_of_record
SF:lib\presentation\pages\popular_movies_page.dart
DA:11,1
DA:12,1
DA:16,1
DA:18,1
DA:19,2
DA:20,2
DA:21,2
DA:24,1
DA:26,1
DA:27,1
DA:28,1
DA:30,1
DA:32,1
DA:33,1
DA:34,1
DA:35,1
DA:36,1
DA:38,1
DA:39,1
DA:40,0
DA:41,0
DA:42,0
DA:44,2
DA:47,1
DA:48,1
DA:50,3
LF:26
LH:23
end_of_record
SF:lib\presentation\pages\top_rated_movies_page.dart
DA:11,1
DA:12,1
DA:16,1
DA:18,1
DA:19,2
DA:20,2
DA:21,1
DA:24,1
DA:26,1
DA:27,1
DA:28,1
DA:30,1
DA:32,1
DA:33,1
DA:34,2
DA:35,1
DA:36,1
DA:38,2
DA:39,1
DA:40,0
DA:41,0
DA:42,0
DA:44,2
DA:47,1
DA:48,1
DA:49,2
LF:26
LH:23
end_of_record
SF:lib\presentation\provider\top_rated_movies_notifier.dart
DA:10,1
DA:13,2
DA:16,2
DA:19,2
DA:21,1
DA:22,1
DA:23,1
DA:25,3
DA:27,1
DA:28,1
DA:29,2
DA:30,1
DA:31,1
DA:33,1
DA:34,1
DA:35,1
DA:36,1
LF:17
LH:17
end_of_record
SF:lib\presentation\provider\movie_list_notifier.dart
DA:12,2
DA:15,2
DA:18,2
DA:21,2
DA:24,2
DA:27,2
DA:30,2
DA:32,1
DA:42,1
DA:43,1
DA:44,1
DA:46,3
DA:47,1
DA:48,1
DA:49,1
DA:50,2
DA:51,1
DA:53,1
DA:54,1
DA:55,1
DA:56,1
DA:61,1
DA:62,1
DA:63,1
DA:65,3
DA:66,1
DA:67,1
DA:68,1
DA:69,2
DA:70,1
DA:72,1
DA:73,1
DA:74,1
DA:75,1
DA:80,1
DA:81,1
DA:82,1
DA:84,3
DA:85,1
DA:86,1
DA:87,1
DA:88,2
DA:89,1
DA:91,1
DA:92,1
DA:93,1
DA:94,1
LF:47
LH:47
end_of_record
SF:lib\presentation\provider\popular_movies_notifier.dart
DA:10,1
DA:13,2
DA:16,2
DA:19,2
DA:21,1
DA:22,1
DA:23,1
DA:25,3
DA:27,1
DA:28,1
DA:29,2
DA:30,1
DA:31,1
DA:33,1
DA:34,1
DA:35,1
DA:36,1
LF:17
LH:17
end_of_record
