SF:lib\domain\usecases\get_movie_recommendations.dart
DA:9,1
DA:11,1
DA:12,2
LF:3
LH:3
end_of_record
SF:lib\domain\usecases\get_movie_detail.dart
DA:9,1
DA:11,1
DA:12,2
LF:3
LH:3
end_of_record
SF:lib\domain\usecases\get_now_playing_movies.dart
DA:9,1
DA:11,1
DA:12,2
LF:3
LH:3
end_of_record
SF:lib\domain\usecases\get_popular_movies.dart
DA:9,1
DA:11,1
DA:12,2
LF:3
LH:3
end_of_record
SF:lib\domain\usecases\get_top_rated_movies.dart
DA:9,1
DA:11,1
DA:12,2
LF:3
LH:3
end_of_record
SF:lib\presentation\bloc\movie_detail_bloc\movie_detail_state.dart
DA:28,4
DA:33,2
LF:2
LH:2
end_of_record
SF:lib\presentation\bloc\movie_detail_bloc\movie_detail_bloc.dart
DA:25,1
DA:31,2
DA:32,2
DA:33,2
DA:34,1
DA:35,4
DA:37,4
DA:39,4
DA:40,2
DA:41,5
DA:42,1
DA:43,1
DA:44,4
DA:50,1
DA:51,1
DA:52,4
DA:53,1
DA:57,1
DA:58,4
DA:68,1
DA:69,4
DA:70,1
DA:71,1
DA:72,5
DA:74,1
DA:75,4
DA:78,4
DA:80,1
DA:81,4
DA:83,1
DA:84,1
DA:85,5
DA:87,1
DA:88,4
DA:92,4
DA:94,1
DA:95,4
DA:96,4
LF:38
LH:38
end_of_record
SF:lib\presentation\bloc\movie_list_bloc\movie_list_state.dart
DA:4,3
DA:6,3
DA:7,3
DA:17,3
DA:18,3
DA:19,6
DA:24,3
DA:27,3
DA:28,6
LF:9
LH:9
end_of_record
SF:lib\presentation\bloc\movie_list_bloc\popular_movie_list_bloc.dart
DA:5,3
DA:6,2
DA:7,2
DA:9,3
DA:10,1
DA:11,1
DA:12,3
DA:14,1
DA:15,2
LF:9
LH:9
end_of_record
SF:lib\presentation\bloc\movie_list_bloc\top_rated_movie_list_bloc.dart
DA:5,3
DA:6,2
DA:7,2
DA:9,3
DA:10,1
DA:11,1
DA:12,3
DA:14,1
DA:15,2
LF:9
LH:9
end_of_record
SF:lib\presentation\bloc\movie_list_bloc\now_playing_movie_list_bloc.dart
DA:6,3
DA:7,2
DA:8,2
DA:10,3
DA:11,1
DA:12,1
DA:13,3
DA:15,1
DA:16,2
LF:9
LH:9
end_of_record
SF:lib\presentation\bloc\popular_movies_bloc\popular_movies_state.dart
DA:4,1
DA:5,1
DA:15,2
DA:16,1
DA:17,2
DA:23,2
DA:24,1
DA:25,2
LF:8
LH:8
end_of_record
SF:lib\presentation\bloc\popular_movies_bloc\popular_movies_bloc.dart
DA:12,3
DA:13,2
DA:14,2
DA:15,3
DA:16,1
DA:17,4
DA:18,3
LF:7
LH:7
end_of_record
SF:lib\presentation\bloc\top_rated_movies\top_rated_movies_bloc.dart
DA:12,3
DA:13,2
DA:14,2
DA:15,3
DA:16,1
DA:17,4
DA:18,3
LF:7
LH:7
end_of_record
SF:lib\presentation\bloc\top_rated_movies\top_rated_movies_state.dart
DA:4,1
DA:5,1
DA:15,2
DA:16,1
DA:17,2
DA:23,2
DA:24,1
DA:25,2
LF:8
LH:8
end_of_record
SF:lib\presentation\pages\popular_movies_page.dart
DA:11,1
DA:12,1
DA:16,1
DA:18,1
DA:19,2
DA:20,2
DA:21,2
DA:24,1
DA:26,1
DA:27,1
DA:28,1
DA:30,1
DA:32,1
DA:33,1
DA:34,1
DA:35,1
DA:36,1
DA:38,1
DA:39,1
DA:40,1
DA:41,2
DA:42,1
DA:44,2
DA:47,1
DA:48,1
DA:50,3
LF:26
LH:26
end_of_record
SF:lib\presentation\pages\movie_detail_page.dart
DA:18,1
DA:20,1
DA:21,1
DA:25,1
DA:27,1
DA:28,2
DA:29,2
DA:30,4
DA:31,2
DA:32,4
DA:36,1
DA:38,1
DA:39,1
DA:40,1
DA:41,2
DA:43,2
DA:45,1
DA:46,4
DA:48,2
DA:50,1
DA:51,1
DA:52,2
DA:57,1
DA:58,3
DA:59,2
DA:60,1
DA:61,2
DA:62,1
DA:63,1
DA:65,2
DA:66,1
DA:67,1
DA:68,1
DA:70,1
DA:71,1
DA:75,2
DA:88,1
DA:90,1
DA:92,3
DA:93,1
DA:94,1
DA:95,1
DA:96,3
DA:98,2
DA:99,1
DA:101,0
DA:103,1
DA:105,1
DA:106,1
DA:107,1
DA:108,1
DA:110,2
DA:117,1
DA:118,1
DA:119,1
DA:121,1
DA:123,1
DA:125,1
DA:126,1
DA:127,2
DA:128,1
DA:130,1
DA:131,1
DA:132,1
DA:133,1
DA:134,1
DA:136,1
DA:137,2
DA:139,0
DA:141,0
DA:142,0
DA:145,1
DA:147,1
DA:148,1
DA:149,1
DA:150,1
DA:151,1
DA:155,1
DA:156,3
DA:158,1
DA:159,3
DA:161,1
DA:162,1
DA:163,1
DA:164,3
DA:166,2
DA:172,4
DA:175,1
DA:176,1
DA:178,1
DA:180,1
DA:181,2
DA:183,1
DA:184,1
DA:186,1
DA:188,1
DA:189,1
DA:190,2
DA:192,1
DA:193,1
DA:195,2
DA:197,0
DA:198,2
DA:200,1
DA:202,1
DA:204,1
DA:205,2
DA:206,1
DA:208,1
DA:209,0
DA:210,0
DA:213,0
DA:216,1
DA:217,1
DA:218,1
DA:220,1
DA:222,2
DA:223,1
DA:224,1
DA:226,1
DA:229,0
DA:230,0
DA:236,2
DA:240,0
DA:248,1
DA:250,1
DA:265,1
DA:267,1
DA:270,1
DA:271,1
DA:272,0
DA:273,0
DA:282,1
DA:284,2
DA:285,3
DA:288,1
DA:292,3
DA:295,1
DA:296,1
DA:297,1
DA:299,1
DA:300,1
DA:302,0
LF:143
LH:129
end_of_record
SF:lib\presentation\pages\top_rated_movies_page.dart
DA:11,1
DA:12,1
DA:16,1
DA:18,1
DA:19,2
DA:20,2
DA:21,2
DA:24,1
DA:26,1
DA:27,1
DA:28,1
DA:30,1
DA:32,1
DA:33,1
DA:34,1
DA:35,1
DA:36,1
DA:38,1
DA:39,1
DA:40,1
DA:41,2
DA:42,1
DA:44,2
DA:47,1
DA:48,1
DA:49,1
DA:50,2
LF:27
LH:27
end_of_record
