SF:lib\domain\usecases\search_movies.dart
DA:9,1
DA:11,1
DA:12,2
LF:3
LH:3
end_of_record
SF:lib\domain\usecases\search_tvs.dart
DA:9,1
DA:11,1
DA:12,2
LF:3
LH:3
end_of_record
SF:lib\presentation\bloc\search_state.dart
DA:4,2
DA:6,2
DA:7,2
DA:17,2
DA:19,2
DA:20,4
DA:26,2
DA:28,2
DA:29,4
LF:9
LH:9
end_of_record
SF:lib\presentation\bloc\search_event.dart
DA:4,2
DA:10,2
LF:2
LH:2
end_of_record
SF:lib\presentation\bloc\search_bloc.dart
DA:15,2
DA:16,6
LF:2
LH:2
end_of_record
SF:lib\presentation\bloc\movie_search_bloc.dart
DA:5,3
DA:6,2
DA:7,1
DA:8,2
DA:9,3
DA:10,1
DA:11,4
DA:12,3
DA:14,1
LF:9
LH:9
end_of_record
SF:lib\presentation\bloc\tv_search_bloc.dart
DA:5,3
DA:6,2
DA:7,1
DA:8,2
DA:9,3
DA:10,1
DA:11,4
DA:12,3
DA:14,1
LF:9
LH:9
end_of_record
