SF:lib\domain\usecases\get_airing_today_tvs.dart
DA:9,1
DA:11,1
DA:12,2
LF:3
LH:3
end_of_record
SF:lib\domain\usecases\get_popular_tvs.dart
DA:9,1
DA:11,1
DA:12,2
LF:3
LH:3
end_of_record
SF:lib\domain\usecases\get_top_rated_tvs.dart
DA:9,1
DA:11,1
DA:12,2
LF:3
LH:3
end_of_record
SF:lib\domain\usecases\get_tv_season_episodes.dart
DA:10,1
DA:12,1
DA:13,2
LF:3
LH:3
end_of_record
SF:lib\presentation\bloc\tv_list_bloc\tv_list_state.dart
DA:4,6
DA:6,3
DA:7,3
DA:17,6
DA:18,3
DA:19,6
DA:24,6
DA:27,3
DA:28,6
LF:9
LH:9
end_of_record
SF:lib\presentation\bloc\tv_list_bloc\top_rated_tv_list_bloc.dart
DA:5,3
DA:6,2
DA:7,2
DA:9,3
DA:10,1
DA:11,1
DA:12,3
DA:14,1
DA:15,2
LF:9
LH:9
end_of_record
SF:lib\presentation\bloc\tv_list_bloc\airing_today_tv_list_bloc.dart
DA:5,3
DA:6,2
DA:7,2
DA:9,3
DA:10,1
DA:11,1
DA:12,3
DA:14,1
DA:15,2
LF:9
LH:9
end_of_record
SF:lib\presentation\bloc\tv_list_bloc\popular_tv_list_bloc.dart
DA:5,3
DA:6,2
DA:7,2
DA:9,3
DA:10,1
DA:11,1
DA:12,3
DA:14,1
DA:15,2
LF:9
LH:9
end_of_record
SF:lib\presentation\bloc\tv_season_episode_bloc\tv_season_episode_state.dart
DA:4,2
DA:6,1
DA:7,1
DA:17,2
DA:18,1
DA:19,2
DA:25,2
DA:26,1
DA:27,2
LF:9
LH:9
end_of_record
SF:lib\presentation\bloc\tv_season_episode_bloc\tv_season_episode_event.dart
DA:7,2
LF:1
LH:1
end_of_record
SF:lib\presentation\bloc\tv_season_episode_bloc\tv_season_episode_bloc.dart
DA:12,1
DA:13,2
DA:14,2
DA:15,2
DA:18,5
DA:19,1
DA:20,4
DA:21,3
LF:8
LH:8
end_of_record
SF:lib\domain\usecases\get_tv_detail.dart
DA:10,1
DA:12,1
DA:13,2
LF:3
LH:3
end_of_record
SF:lib\domain\usecases\get_tv_recommendations.dart
DA:9,1
DA:11,1
DA:12,2
LF:3
LH:3
end_of_record
SF:lib\presentation\bloc\tv_detail_bloc\tv_detail_state.dart
DA:14,4
DA:19,2
LF:2
LH:2
end_of_record
SF:lib\presentation\bloc\tv_detail_bloc\tv_detail_bloc.dart
DA:25,1
DA:31,2
DA:32,2
DA:33,2
DA:34,1
DA:35,4
DA:38,4
DA:39,4
DA:40,2
DA:41,5
DA:42,1
DA:43,1
DA:44,4
DA:50,1
DA:51,1
DA:52,4
DA:53,1
DA:57,1
DA:58,4
DA:68,1
DA:69,4
DA:70,1
DA:71,1
DA:72,5
DA:74,1
DA:75,4
DA:78,4
DA:80,1
DA:81,4
DA:83,1
DA:84,1
DA:85,5
DA:87,1
DA:88,4
DA:92,4
DA:94,1
DA:95,4
DA:96,4
LF:38
LH:38
end_of_record
SF:lib\presentation\pages\airing_today_tvs_page.dart
DA:11,1
DA:12,1
DA:16,1
DA:18,1
DA:19,2
DA:20,2
DA:21,2
DA:24,1
DA:26,1
DA:27,1
DA:28,1
DA:30,1
DA:32,1
DA:33,1
DA:34,1
DA:35,1
DA:36,1
DA:38,1
DA:39,1
DA:40,1
DA:41,2
DA:42,1
DA:44,2
DA:47,1
DA:48,1
DA:49,3
LF:26
LH:26
end_of_record
SF:lib\presentation\pages\popular_tvs_page.dart
DA:11,1
DA:12,1
DA:16,1
DA:18,1
DA:19,2
DA:20,2
DA:21,2
DA:24,1
DA:26,1
DA:27,1
DA:28,1
DA:30,1
DA:32,1
DA:33,1
DA:34,1
DA:35,1
DA:36,1
DA:38,1
DA:39,1
DA:40,1
DA:41,2
DA:42,1
DA:44,2
DA:47,1
DA:48,1
DA:49,3
LF:26
LH:26
end_of_record
SF:lib\presentation\pages\top_rated_tvs_page.dart
DA:11,1
DA:12,1
DA:16,1
DA:18,1
DA:19,2
DA:20,2
DA:21,2
DA:24,1
DA:26,1
DA:27,1
DA:28,1
DA:30,1
DA:32,1
DA:33,1
DA:34,1
DA:35,1
DA:36,1
DA:38,1
DA:39,1
DA:40,1
DA:41,2
DA:42,1
DA:44,2
DA:47,1
DA:48,1
DA:49,3
LF:26
LH:26
end_of_record
SF:lib\presentation\pages\tv_detail_page.dart
DA:20,1
DA:22,1
DA:23,1
DA:27,1
DA:29,1
DA:30,2
DA:31,2
DA:32,4
DA:33,2
DA:34,4
DA:38,1
DA:40,1
DA:41,1
DA:42,1
DA:43,2
DA:45,2
DA:47,1
DA:48,4
DA:50,2
DA:52,1
DA:53,1
DA:54,2
DA:59,1
DA:60,3
DA:61,2
DA:62,1
DA:63,2
DA:64,1
DA:65,1
DA:67,2
DA:68,1
DA:69,1
DA:70,1
DA:72,1
DA:73,1
DA:77,2
DA:90,1
DA:92,1
DA:94,3
DA:95,1
DA:96,1
DA:97,1
DA:98,3
DA:100,2
DA:101,1
DA:103,0
DA:105,1
DA:107,1
DA:108,1
DA:109,1
DA:110,1
DA:112,2
DA:119,1
DA:120,1
DA:121,1
DA:123,1
DA:125,1
DA:127,1
DA:128,1
DA:129,2
DA:130,1
DA:132,1
DA:133,1
DA:134,1
DA:135,1
DA:137,3
DA:139,0
DA:141,0
DA:142,0
DA:145,1
DA:147,1
DA:148,1
DA:149,1
DA:150,1
DA:151,1
DA:155,1
DA:156,3
DA:158,1
DA:159,4
DA:161,1
DA:162,1
DA:163,1
DA:164,3
DA:166,2
DA:172,4
DA:175,1
DA:176,1
DA:178,1
DA:180,1
DA:181,2
DA:183,1
DA:184,1
DA:185,4
DA:186,1
DA:188,1
DA:190,1
DA:192,1
DA:193,3
DA:194,1
DA:196,1
DA:197,0
DA:198,0
DA:201,0
DA:202,0
DA:203,0
DA:204,0
DA:208,1
DA:209,1
DA:210,1
DA:212,1
DA:213,1
DA:214,1
DA:215,1
DA:218,2
DA:219,1
DA:220,1
DA:222,1
DA:225,0
DA:226,0
DA:231,1
DA:233,1
DA:236,1
DA:237,2
DA:239,2
DA:241,1
DA:242,2
DA:244,2
DA:246,1
DA:247,1
DA:260,3
DA:263,1
DA:264,1
DA:266,1
DA:268,1
DA:269,1
DA:270,2
DA:272,1
DA:273,1
DA:275,2
DA:277,0
DA:278,2
DA:280,1
DA:282,1
DA:284,1
DA:285,2
DA:286,1
DA:288,1
DA:289,0
DA:290,0
DA:293,0
DA:296,1
DA:297,1
DA:298,1
DA:300,1
DA:302,2
DA:303,1
DA:304,1
DA:306,1
DA:309,0
DA:310,0
DA:316,2
DA:320,0
DA:328,1
DA:330,1
DA:345,1
DA:347,1
DA:350,1
DA:351,1
DA:352,0
DA:353,0
DA:362,1
DA:364,2
DA:365,3
DA:368,1
DA:372,3
DA:375,1
DA:376,1
DA:377,1
DA:379,1
DA:380,0
DA:382,1
LF:181
LH:159
end_of_record
SF:lib\presentation\pages\tv_season_episodes_page.dart
DA:14,1
DA:19,1
DA:21,1
DA:22,1
DA:26,1
DA:28,1
DA:29,2
DA:30,3
DA:31,1
DA:32,4
DA:35,1
DA:37,1
DA:38,1
DA:39,1
DA:40,2
DA:42,1
DA:44,1
DA:45,1
DA:46,1
DA:47,1
DA:48,1
DA:50,1
DA:51,1
DA:52,1
DA:53,2
DA:54,1
DA:56,2
DA:59,1
DA:60,1
DA:61,1
DA:62,2
LF:31
LH:31
end_of_record
